Flow report for proj
Wed Sep 19 10:23:54 2018
Quartus II 64-Bit Version 13.1.0 Build 162 10/23/2013 SJ Full Version


---------------------
; Table of Contents ;
---------------------
  1. Legal Notice
  2. Flow Summary
  3. Flow Settings
  4. Flow Non-Default Global Settings
  5. Flow Elapsed Time
  6. Flow OS Summary
  7. Flow Log
  8. Flow Messages
  9. Flow Suppressed Messages



----------------
; Legal Notice ;
----------------
Copyright (C) 1991-2013 Altera Corporation
Your use of Altera Corporation's design tools, logic functions 
and other software and tools, and its AMPP partner logic 
functions, and any output files from any of the foregoing 
(including device programming or simulation files), and any 
associated documentation or information are expressly subject 
to the terms and conditions of the Altera Program License 
Subscription Agreement, Altera MegaCore Function License 
Agreement, or other applicable license agreement, including, 
without limitation, that your use is for the sole purpose of 
programming logic devices manufactured by Altera and sold by 
Altera or its authorized distributors.  Please refer to the 
applicable agreement for further details.



+----------------------------------------------------------------------------------+
; Flow Summary                                                                     ;
+------------------------------------+---------------------------------------------+
; Flow Status                        ; Successful - Wed Sep 19 10:23:54 2018       ;
; Quartus II 64-Bit Version          ; 13.1.0 Build 162 10/23/2013 SJ Full Version ;
; Revision Name                      ; proj                                        ;
; Top-level Entity Name              ; processador                                 ;
; Family                             ; Cyclone III                                 ;
; Total logic elements               ; 1,648 / 5,136 ( 32 % )                      ;
;     Total combinational functions  ; 1,548 / 5,136 ( 30 % )                      ;
;     Dedicated logic registers      ; 913 / 5,136 ( 18 % )                        ;
; Total registers                    ; 913                                         ;
; Total pins                         ; 7 / 183 ( 4 % )                             ;
; Total virtual pins                 ; 0                                           ;
; Total memory bits                  ; 142,336 / 423,936 ( 34 % )                  ;
; Embedded Multiplier 9-bit elements ; 0 / 46 ( 0 % )                              ;
; Total PLLs                         ; 0 / 2 ( 0 % )                               ;
; Device                             ; EP3C5F256C6                                 ;
; Timing Models                      ; Final                                       ;
+------------------------------------+---------------------------------------------+


+-----------------------------------------+
; Flow Settings                           ;
+-------------------+---------------------+
; Option            ; Setting             ;
+-------------------+---------------------+
; Start date & time ; 09/19/2018 10:22:10 ;
; Main task         ; Compilation         ;
; Revision Name     ; proj                ;
+-------------------+---------------------+


+---------------------------------------------------------------------------------------------------------------------+
; Flow Non-Default Global Settings                                                                                    ;
+-------------------------------------+--------------------------------+---------------+-------------+----------------+
; Assignment Name                     ; Value                          ; Default Value ; Entity Name ; Section Id     ;
+-------------------------------------+--------------------------------+---------------+-------------+----------------+
; COMPILER_SIGNATURE_ID               ; 88750185370164.153736333005392 ; --            ; --          ; --             ;
; EDA_OUTPUT_DATA_FORMAT              ; Vhdl                           ; --            ; --          ; eda_simulation ;
; EDA_SIMULATION_TOOL                 ; ModelSim-Altera (VHDL)         ; <None>        ; --          ; --             ;
; PARTITION_COLOR                     ; 16764057                       ; --            ; processador ; Top            ;
; PARTITION_FITTER_PRESERVATION_LEVEL ; PLACEMENT_AND_ROUTING          ; --            ; processador ; Top            ;
; PARTITION_NETLIST_TYPE              ; SOURCE                         ; --            ; processador ; Top            ;
; PROJECT_OUTPUT_DIRECTORY            ; output_files                   ; --            ; --          ; --             ;
; TOP_LEVEL_ENTITY                    ; processador                    ; proj          ; --          ; --             ;
+-------------------------------------+--------------------------------+---------------+-------------+----------------+


+-------------------------------------------------------------------------------------------------------------------------------+
; Flow Elapsed Time                                                                                                             ;
+---------------------------+--------------+-------------------------+---------------------+------------------------------------+
; Module Name               ; Elapsed Time ; Average Processors Used ; Peak Virtual Memory ; Total CPU Time (on all processors) ;
+---------------------------+--------------+-------------------------+---------------------+------------------------------------+
; Analysis & Synthesis      ; 00:00:40     ; 1.0                     ; 4762 MB             ; 00:00:18                           ;
; Fitter                    ; 00:00:29     ; 1.0                     ; 5217 MB             ; 00:00:16                           ;
; Assembler                 ; 00:00:01     ; 1.0                     ; 4583 MB             ; 00:00:01                           ;
; TimeQuest Timing Analyzer ; 00:00:09     ; 1.0                     ; 4693 MB             ; 00:00:04                           ;
; EDA Netlist Writer        ; 00:00:06     ; 1.0                     ; 4598 MB             ; 00:00:05                           ;
; Total                     ; 00:01:25     ; --                      ; --                  ; 00:00:44                           ;
+---------------------------+--------------+-------------------------+---------------------+------------------------------------+


+----------------------------------------------------------------------------------------+
; Flow OS Summary                                                                        ;
+---------------------------+------------------+-----------+------------+----------------+
; Module Name               ; Machine Hostname ; OS Name   ; OS Version ; Processor type ;
+---------------------------+------------------+-----------+------------+----------------+
; Analysis & Synthesis      ; unix             ; Windows 7 ; 6.2        ; x86_64         ;
; Fitter                    ; unix             ; Windows 7 ; 6.2        ; x86_64         ;
; Assembler                 ; unix             ; Windows 7 ; 6.2        ; x86_64         ;
; TimeQuest Timing Analyzer ; unix             ; Windows 7 ; 6.2        ; x86_64         ;
; EDA Netlist Writer        ; unix             ; Windows 7 ; 6.2        ; x86_64         ;
+---------------------------+------------------+-----------+------------+----------------+


------------
; Flow Log ;
------------
quartus_map --read_settings_files=on --write_settings_files=off proj -c proj
quartus_fit --read_settings_files=off --write_settings_files=off proj -c proj
quartus_asm --read_settings_files=off --write_settings_files=off proj -c proj
quartus_sta proj -c proj
quartus_eda --read_settings_files=off --write_settings_files=off proj -c proj



